<?xml version="1.0" encoding="UTF-8"?>
<testng-results ignored="0" total="1" passed="1" failed="0" skipped="0">
  <reporter-output>
  </reporter-output>
  <suite started-at="2023-03-22T00:12:37 IST" name="Default suite" finished-at="2023-03-22T00:13:05 IST" duration-ms="27513">
    <groups>
    </groups>
    <test started-at="2023-03-22T00:12:37 IST" name="Default test" finished-at="2023-03-22T00:13:05 IST" duration-ms="27513">
      <class name="DoctorTest.AddPatientTest">
        <test-method is-config="true" signature="bsCongig()[pri:0, instance:DoctorTest.AddPatientTest@5d534f5d]" started-at="2023-03-22T00:12:37 IST" name="bsCongig" finished-at="2023-03-22T00:12:37 IST" duration-ms="12" status="PASS">
          <reporter-output>
          </reporter-output>
        </test-method> <!-- bsCongig -->
        <test-method is-config="true" signature="bcConfig()[pri:0, instance:DoctorTest.AddPatientTest@5d534f5d]" started-at="2023-03-22T00:12:37 IST" name="bcConfig" finished-at="2023-03-22T00:12:46 IST" duration-ms="8887" status="PASS">
          <reporter-output>
          </reporter-output>
        </test-method> <!-- bcConfig -->
        <test-method is-config="true" signature="bmConfig()[pri:0, instance:DoctorTest.AddPatientTest@5d534f5d]" started-at="2023-03-22T00:12:46 IST" name="bmConfig" finished-at="2023-03-22T00:12:50 IST" duration-ms="3684" status="PASS">
          <reporter-output>
          </reporter-output>
        </test-method> <!-- bmConfig -->
        <test-method signature="addPatientTest()[pri:0, instance:DoctorTest.AddPatientTest@5d534f5d]" started-at="2023-03-22T00:12:50 IST" name="addPatientTest" finished-at="2023-03-22T00:13:03 IST" duration-ms="13084" status="PASS">
          <reporter-output>
          </reporter-output>
        </test-method> <!-- addPatientTest -->
        <test-method is-config="true" signature="amConfig()[pri:0, instance:DoctorTest.AddPatientTest@5d534f5d]" started-at="2023-03-22T00:13:03 IST" name="amConfig" finished-at="2023-03-22T00:13:03 IST" duration-ms="395" status="PASS">
          <reporter-output>
          </reporter-output>
        </test-method> <!-- amConfig -->
        <test-method is-config="true" signature="acConfig()[pri:0, instance:DoctorTest.AddPatientTest@5d534f5d]" started-at="2023-03-22T00:13:03 IST" name="acConfig" finished-at="2023-03-22T00:13:05 IST" duration-ms="1377" status="PASS">
          <reporter-output>
          </reporter-output>
        </test-method> <!-- acConfig -->
        <test-method is-config="true" signature="asConfig()[pri:0, instance:DoctorTest.AddPatientTest@5d534f5d]" started-at="2023-03-22T00:13:05 IST" name="asConfig" finished-at="2023-03-22T00:13:05 IST" duration-ms="0" status="PASS">
          <reporter-output>
          </reporter-output>
        </test-method> <!-- asConfig -->
      </class> <!-- DoctorTest.AddPatientTest -->
    </test> <!-- Default test -->
  </suite> <!-- Default suite -->
</testng-results>
