<?xml version="1.0" encoding="UTF-8"?>
<testng-results ignored="0" total="1" passed="1" failed="0" skipped="0">
  <reporter-output>
  </reporter-output>
  <suite started-at="2023-03-22T00:43:51 IST" name="Default suite" finished-at="2023-03-22T00:44:08 IST" duration-ms="16875">
    <groups>
    </groups>
    <test started-at="2023-03-22T00:43:51 IST" name="Default test" finished-at="2023-03-22T00:44:08 IST" duration-ms="16875">
      <class name="DoctorTest.AddBedAllocationTest">
        <test-method is-config="true" signature="bsCongig()[pri:0, instance:DoctorTest.AddBedAllocationTest@5d534f5d]" started-at="2023-03-22T00:43:51 IST" name="bsCongig" finished-at="2023-03-22T00:43:51 IST" duration-ms="10" status="PASS">
          <reporter-output>
          </reporter-output>
        </test-method> <!-- bsCongig -->
        <test-method is-config="true" signature="bcConfig()[pri:0, instance:DoctorTest.AddBedAllocationTest@5d534f5d]" started-at="2023-03-22T00:43:51 IST" name="bcConfig" finished-at="2023-03-22T00:43:58 IST" duration-ms="7020" status="PASS">
          <reporter-output>
          </reporter-output>
        </test-method> <!-- bcConfig -->
        <test-method is-config="true" signature="bmConfig()[pri:0, instance:DoctorTest.AddBedAllocationTest@5d534f5d]" started-at="2023-03-22T00:43:58 IST" name="bmConfig" finished-at="2023-03-22T00:44:01 IST" duration-ms="3757" status="PASS">
          <reporter-output>
          </reporter-output>
        </test-method> <!-- bmConfig -->
        <test-method signature="addBedAllocationTest()[pri:0, instance:DoctorTest.AddBedAllocationTest@5d534f5d]" started-at="2023-03-22T00:44:01 IST" name="addBedAllocationTest" finished-at="2023-03-22T00:44:06 IST" duration-ms="4334" status="PASS">
          <reporter-output>
          </reporter-output>
        </test-method> <!-- addBedAllocationTest -->
        <test-method is-config="true" signature="amConfig()[pri:0, instance:DoctorTest.AddBedAllocationTest@5d534f5d]" started-at="2023-03-22T00:44:06 IST" name="amConfig" finished-at="2023-03-22T00:44:06 IST" duration-ms="406" status="PASS">
          <reporter-output>
          </reporter-output>
        </test-method> <!-- amConfig -->
        <test-method is-config="true" signature="acConfig()[pri:0, instance:DoctorTest.AddBedAllocationTest@5d534f5d]" started-at="2023-03-22T00:44:06 IST" name="acConfig" finished-at="2023-03-22T00:44:08 IST" duration-ms="1295" status="PASS">
          <reporter-output>
          </reporter-output>
        </test-method> <!-- acConfig -->
        <test-method is-config="true" signature="asConfig()[pri:0, instance:DoctorTest.AddBedAllocationTest@5d534f5d]" started-at="2023-03-22T00:44:08 IST" name="asConfig" finished-at="2023-03-22T00:44:08 IST" duration-ms="0" status="PASS">
          <reporter-output>
          </reporter-output>
        </test-method> <!-- asConfig -->
      </class> <!-- DoctorTest.AddBedAllocationTest -->
    </test> <!-- Default test -->
  </suite> <!-- Default suite -->
</testng-results>
